  Main.cpp
C:\Users\raul1\Downloads\GRAFICOS EN COMPUTACION\MinecraftInOpenGL\Main.cpp(28,12): warning C4244: 'inicializando': conversión de 'double' a 'float'; posible pérdida de datos
C:\Users\raul1\Downloads\GRAFICOS EN COMPUTACION\MinecraftInOpenGL\Main.cpp(29,12): warning C4244: 'inicializando': conversión de 'double' a 'float'; posible pérdida de datos
C:\Users\raul1\Downloads\GRAFICOS EN COMPUTACION\MinecraftInOpenGL\Main.cpp(33,44): warning C4305: 'inicializando': truncamiento de 'double' a 'GLfloat'
C:\Users\raul1\Downloads\GRAFICOS EN COMPUTACION\MinecraftInOpenGL\Main.cpp(57,6): warning C4244: 'argumento': conversión de 'float' a 'GLubyte'; posible pérdida de datos
C:\Users\raul1\Downloads\GRAFICOS EN COMPUTACION\MinecraftInOpenGL\Main.cpp(56,6): warning C4244: 'argumento': conversión de 'float' a 'GLubyte'; posible pérdida de datos
C:\Users\raul1\Downloads\GRAFICOS EN COMPUTACION\MinecraftInOpenGL\Main.cpp(55,6): warning C4244: 'argumento': conversión de 'float' a 'GLubyte'; posible pérdida de datos
C:\Users\raul1\Downloads\GRAFICOS EN COMPUTACION\MinecraftInOpenGL\Main.cpp(67,6): warning C4244: 'argumento': conversión de 'float' a 'GLubyte'; posible pérdida de datos
C:\Users\raul1\Downloads\GRAFICOS EN COMPUTACION\MinecraftInOpenGL\Main.cpp(66,6): warning C4244: 'argumento': conversión de 'float' a 'GLubyte'; posible pérdida de datos
C:\Users\raul1\Downloads\GRAFICOS EN COMPUTACION\MinecraftInOpenGL\Main.cpp(65,6): warning C4244: 'argumento': conversión de 'float' a 'GLubyte'; posible pérdida de datos
C:\Users\raul1\Downloads\GRAFICOS EN COMPUTACION\MinecraftInOpenGL\Main.cpp(73,5): warning C4244: 'argumento': conversión de 'float' a 'GLubyte'; posible pérdida de datos
C:\Users\raul1\Downloads\GRAFICOS EN COMPUTACION\MinecraftInOpenGL\Main.cpp(72,5): warning C4244: 'argumento': conversión de 'float' a 'GLubyte'; posible pérdida de datos
C:\Users\raul1\Downloads\GRAFICOS EN COMPUTACION\MinecraftInOpenGL\Main.cpp(71,5): warning C4244: 'argumento': conversión de 'float' a 'GLubyte'; posible pérdida de datos
C:\Users\raul1\Downloads\GRAFICOS EN COMPUTACION\MinecraftInOpenGL\Main.cpp(84,6): warning C4244: 'argumento': conversión de 'float' a 'GLubyte'; posible pérdida de datos
C:\Users\raul1\Downloads\GRAFICOS EN COMPUTACION\MinecraftInOpenGL\Main.cpp(83,6): warning C4244: 'argumento': conversión de 'float' a 'GLubyte'; posible pérdida de datos
C:\Users\raul1\Downloads\GRAFICOS EN COMPUTACION\MinecraftInOpenGL\Main.cpp(82,6): warning C4244: 'argumento': conversión de 'float' a 'GLubyte'; posible pérdida de datos
C:\Users\raul1\Downloads\GRAFICOS EN COMPUTACION\MinecraftInOpenGL\Main.cpp(94,6): warning C4244: 'argumento': conversión de 'float' a 'GLubyte'; posible pérdida de datos
C:\Users\raul1\Downloads\GRAFICOS EN COMPUTACION\MinecraftInOpenGL\Main.cpp(93,6): warning C4244: 'argumento': conversión de 'float' a 'GLubyte'; posible pérdida de datos
C:\Users\raul1\Downloads\GRAFICOS EN COMPUTACION\MinecraftInOpenGL\Main.cpp(92,6): warning C4244: 'argumento': conversión de 'float' a 'GLubyte'; posible pérdida de datos
C:\Users\raul1\Downloads\GRAFICOS EN COMPUTACION\MinecraftInOpenGL\Main.cpp(100,5): warning C4244: 'argumento': conversión de 'float' a 'GLubyte'; posible pérdida de datos
C:\Users\raul1\Downloads\GRAFICOS EN COMPUTACION\MinecraftInOpenGL\Main.cpp(99,5): warning C4244: 'argumento': conversión de 'float' a 'GLubyte'; posible pérdida de datos
C:\Users\raul1\Downloads\GRAFICOS EN COMPUTACION\MinecraftInOpenGL\Main.cpp(98,5): warning C4244: 'argumento': conversión de 'float' a 'GLubyte'; posible pérdida de datos
C:\Users\raul1\Downloads\GRAFICOS EN COMPUTACION\MinecraftInOpenGL\Main.cpp(111,6): warning C4244: 'argumento': conversión de 'float' a 'GLubyte'; posible pérdida de datos
C:\Users\raul1\Downloads\GRAFICOS EN COMPUTACION\MinecraftInOpenGL\Main.cpp(110,6): warning C4244: 'argumento': conversión de 'float' a 'GLubyte'; posible pérdida de datos
C:\Users\raul1\Downloads\GRAFICOS EN COMPUTACION\MinecraftInOpenGL\Main.cpp(109,6): warning C4244: 'argumento': conversión de 'float' a 'GLubyte'; posible pérdida de datos
C:\Users\raul1\Downloads\GRAFICOS EN COMPUTACION\MinecraftInOpenGL\Main.cpp(121,6): warning C4244: 'argumento': conversión de 'float' a 'GLubyte'; posible pérdida de datos
C:\Users\raul1\Downloads\GRAFICOS EN COMPUTACION\MinecraftInOpenGL\Main.cpp(120,6): warning C4244: 'argumento': conversión de 'float' a 'GLubyte'; posible pérdida de datos
C:\Users\raul1\Downloads\GRAFICOS EN COMPUTACION\MinecraftInOpenGL\Main.cpp(119,6): warning C4244: 'argumento': conversión de 'float' a 'GLubyte'; posible pérdida de datos
C:\Users\raul1\Downloads\GRAFICOS EN COMPUTACION\MinecraftInOpenGL\Main.cpp(127,5): warning C4244: 'argumento': conversión de 'float' a 'GLubyte'; posible pérdida de datos
C:\Users\raul1\Downloads\GRAFICOS EN COMPUTACION\MinecraftInOpenGL\Main.cpp(126,5): warning C4244: 'argumento': conversión de 'float' a 'GLubyte'; posible pérdida de datos
C:\Users\raul1\Downloads\GRAFICOS EN COMPUTACION\MinecraftInOpenGL\Main.cpp(125,5): warning C4244: 'argumento': conversión de 'float' a 'GLubyte'; posible pérdida de datos
C:\Users\raul1\Downloads\GRAFICOS EN COMPUTACION\MinecraftInOpenGL\Main.cpp(138,6): warning C4244: 'argumento': conversión de 'float' a 'GLubyte'; posible pérdida de datos
C:\Users\raul1\Downloads\GRAFICOS EN COMPUTACION\MinecraftInOpenGL\Main.cpp(137,6): warning C4244: 'argumento': conversión de 'float' a 'GLubyte'; posible pérdida de datos
C:\Users\raul1\Downloads\GRAFICOS EN COMPUTACION\MinecraftInOpenGL\Main.cpp(136,6): warning C4244: 'argumento': conversión de 'float' a 'GLubyte'; posible pérdida de datos
C:\Users\raul1\Downloads\GRAFICOS EN COMPUTACION\MinecraftInOpenGL\Main.cpp(148,6): warning C4244: 'argumento': conversión de 'float' a 'GLubyte'; posible pérdida de datos
C:\Users\raul1\Downloads\GRAFICOS EN COMPUTACION\MinecraftInOpenGL\Main.cpp(147,6): warning C4244: 'argumento': conversión de 'float' a 'GLubyte'; posible pérdida de datos
C:\Users\raul1\Downloads\GRAFICOS EN COMPUTACION\MinecraftInOpenGL\Main.cpp(146,6): warning C4244: 'argumento': conversión de 'float' a 'GLubyte'; posible pérdida de datos
C:\Users\raul1\Downloads\GRAFICOS EN COMPUTACION\MinecraftInOpenGL\Main.cpp(154,5): warning C4244: 'argumento': conversión de 'float' a 'GLubyte'; posible pérdida de datos
C:\Users\raul1\Downloads\GRAFICOS EN COMPUTACION\MinecraftInOpenGL\Main.cpp(153,5): warning C4244: 'argumento': conversión de 'float' a 'GLubyte'; posible pérdida de datos
C:\Users\raul1\Downloads\GRAFICOS EN COMPUTACION\MinecraftInOpenGL\Main.cpp(152,5): warning C4244: 'argumento': conversión de 'float' a 'GLubyte'; posible pérdida de datos
C:\Users\raul1\Downloads\GRAFICOS EN COMPUTACION\MinecraftInOpenGL\Main.cpp(169,5): warning C4244: 'argumento': conversión de 'float' a 'GLubyte'; posible pérdida de datos
C:\Users\raul1\Downloads\GRAFICOS EN COMPUTACION\MinecraftInOpenGL\Main.cpp(168,5): warning C4244: 'argumento': conversión de 'float' a 'GLubyte'; posible pérdida de datos
C:\Users\raul1\Downloads\GRAFICOS EN COMPUTACION\MinecraftInOpenGL\Main.cpp(167,5): warning C4244: 'argumento': conversión de 'float' a 'GLubyte'; posible pérdida de datos
C:\Users\raul1\Downloads\GRAFICOS EN COMPUTACION\MinecraftInOpenGL\Main.cpp(186,6): warning C4244: 'argumento': conversión de 'float' a 'GLubyte'; posible pérdida de datos
C:\Users\raul1\Downloads\GRAFICOS EN COMPUTACION\MinecraftInOpenGL\Main.cpp(185,7): warning C4244: 'argumento': conversión de 'float' a 'GLubyte'; posible pérdida de datos
C:\Users\raul1\Downloads\GRAFICOS EN COMPUTACION\MinecraftInOpenGL\Main.cpp(184,7): warning C4244: 'argumento': conversión de 'float' a 'GLubyte'; posible pérdida de datos
C:\Users\raul1\Downloads\GRAFICOS EN COMPUTACION\MinecraftInOpenGL\Main.cpp(405,84): warning C4244: 'argumento': conversión de 'float' a 'GLubyte'; posible pérdida de datos
C:\Users\raul1\Downloads\GRAFICOS EN COMPUTACION\MinecraftInOpenGL\Main.cpp(415,84): warning C4244: 'argumento': conversión de 'float' a 'GLubyte'; posible pérdida de datos
C:\Users\raul1\Downloads\GRAFICOS EN COMPUTACION\MinecraftInOpenGL\Main.cpp(425,86): warning C4244: 'argumento': conversión de 'float' a 'GLubyte'; posible pérdida de datos
C:\Users\raul1\Downloads\GRAFICOS EN COMPUTACION\MinecraftInOpenGL\Main.cpp(2906,15): warning C4305: '+=': truncamiento de 'double' a 'float'
C:\Users\raul1\Downloads\GRAFICOS EN COMPUTACION\MinecraftInOpenGL\Main.cpp(2921,16): warning C4244: 'argumento': conversión de 'float' a 'unsigned int'; posible pérdida de datos
  MinecraftInOpenGL.vcxproj -> C:\Users\raul1\Downloads\GRAFICOS EN COMPUTACION\MinecraftInOpenGL\x64\Debug\MinecraftInOpenGL.exe
